        -:    0:Source:doubly_linked_list_tests.cpp
        -:    0:Graph:doubly_linked_list_tests.gcno
        -:    0:Data:doubly_linked_list_tests.gcda
        -:    0:Runs:1
        -:    1:#include <iostream>
        -:    2:#include "doubly_linked_list.h"
        -:    3:
        1:    4:int main() {
        2:    5:    DoublyLinkedList<int> testList1;
        1:    6:    testList1.insert(0, 6);
        1:    7:    testList1.insert(1, 3);
        1:    8:    testList1.insert(2, 4);
        1:    9:    testList1.insert(2, 4);
        1:   10:    testList1.insert(0, 4);
        1:   11:    testList1.insert(3, 20);
        1:   12:    std::cout << testList1[testList1.size() - 1] << std::endl;
        -:   13:
        2:   14:    DoublyLinkedList<int> testList2(testList1);
        -:   15:
        2:   16:    DoublyLinkedList<int> testList3 = testList1;    
        -:   17:
        -:   18:    // std::cout << testList2[testList2.size() - 1] << std::endl;
        -:   19:
        -:   20:    // std::cout << testList1.size() << std::endl; 
        -:   21:
        1:   22:    std::cout << testList1.getTail() << std::endl;
        -:   23:
        1:   24:    testList1.remove(testList1.size() - 1);
        -:   25:
        6:   26:    while(testList1.size() != 0){
        5:   27:        std::cout << testList1[0] << std::endl;
        5:   28:        testList1.remove(0);
        -:   29:    }
        -:   30:    
        1:   31:}
