        -:    0:Source:hashtable_separate_chaining_tests.cpp
        -:    0:Graph:hashtable_separate_chaining_tests.gcno
        -:    0:Data:hashtable_separate_chaining_tests.gcda
        -:    0:Runs:1
        -:    1:#include "hashtable_separate_chaining.h"
        -:    2:
        1:    3:int main() {
        1:    4:    HashTable<int> test1;
        1:    5:    test1.insert(20);
        1:    6:    test1.insert(21);
        1:    7:    test1.insert(31);
        1:    8:    test1.insert(2);
        1:    9:    test1.insert(12);
        1:   10:    test1.insert(26);
        1:   11:    test1.insert(23);
        1:   12:    test1.insert(35);
        1:   13:    test1.insert(6);
        1:   14:    test1.insert(15);
        1:   15:    test1.insert(29);
        1:   16:    test1.insert(14);
        1:   17:    test1.insert(38);
        1:   18:    test1.insert(3);
        1:   19:    test1.insert(17);
        1:   20:    test1.insert(22);
        1:   21:    test1.insert(9);
        1:   22:    test1.insert(18);
        1:   23:    test1.insert(4);
        1:   24:    test1.insert(40);
        1:   25:    test1.insert(50);
        1:   26:    test1.insert(45);
        1:   27:    test1.insert(52);
        1:   28:    test1.insert(89);
        1:   29:    test1.insert(99);
        1:   30:    test1.print_table();
        -:   31:    
        1:   32:    return 0;
        -:   33:}
